<?xml version="1.0" encoding="UTF-8"?>
<!-- Generated by org.testng.reporters.JUnitReportReporter -->
<testsuite hostname="DESKTOP-RNGUL5D" failures="0" tests="2" name="Testng.ann" time="0.007" errors="0" timestamp="2023-12-25T13:11:14 IST" skipped="0">
  <testcase classname="Testng.ann" name="test2" time="0.002"/>
  <testcase classname="Testng.ann" name="test" time="0.005"/>
</testsuite> <!-- Testng.ann -->
