<?xml version="1.0" encoding="UTF-8"?>
<!-- Generated by org.testng.reporters.JUnitReportReporter -->
<testsuite hostname="DESKTOP-RNGUL5D" failures="0" tests="2" name="selenium.testng" time="0.010" errors="0" timestamp="2023-12-21T09:46:59 IST" skipped="0">
  <testcase classname="selenium.testng" name="test" time="0.002"/>
  <testcase classname="selenium.testng" name="show" time="0.008"/>
</testsuite> <!-- selenium.testng -->
