<?xml version="1.0" encoding="UTF-8"?>
<!-- Generated by org.testng.reporters.JUnitReportReporter -->
<testsuite hostname="DESKTOP-RNGUL5D" failures="0" tests="1" name="Testng.beforeafter" time="16.913" errors="0" timestamp="2023-12-25T14:09:55 IST" skipped="0">
  <testcase classname="Testng.beforeafter" name="test" time="16.913"/>
</testsuite> <!-- Testng.beforeafter -->
