<?xml version="1.0" encoding="UTF-8"?>
<!-- Generated by org.testng.reporters.JUnitReportReporter -->
<testsuite hostname="DESKTOP-RNGUL5D" failures="0" tests="1" name="testcases.logindetails" time="6.208" errors="0" timestamp="2024-01-05T19:41:09 IST" skipped="0">
  <testcase classname="testcases.logindetails" name="homepagelogin" time="6.208"/>
  <system-out/>
</testsuite> <!-- testcases.logindetails -->
