<?xml version="1.0" encoding="UTF-8"?>
<!-- Generated by org.testng.reporters.JUnitReportReporter -->
<testsuite hostname="DESKTOP-RNGUL5D" failures="0" tests="1" name="Testng.ab" time="8.145" errors="0" timestamp="2024-01-03T13:54:31 IST" skipped="0">
  <testcase classname="Testng.ab" name="main" time="8.145"/>
</testsuite> <!-- Testng.ab -->
